0 info it worked if it ends with ok
1 verbose cli [ 'C:\\Program Files\\nodejs\\node.exe',
1 verbose cli   'C:\\Program Files\\nodejs\\node_modules\\npm\\bin\\npm-cli.js',
1 verbose cli   'publish' ]
2 info using npm@3.6.0
3 info using node@v5.6.0
4 verbose publish [ '.' ]
5 silly cache add args [ '.', null ]
6 verbose cache add spec .
7 silly cache add parsed spec Result {
7 silly cache add   raw: '.',
7 silly cache add   scope: null,
7 silly cache add   name: null,
7 silly cache add   rawSpec: '.',
7 silly cache add   spec: 'X:\\public\\WebRcon',
7 silly cache add   type: 'directory' }
8 verbose addLocalDirectory C:\Users\dcode\AppData\Roaming\npm-cache\webrcon\1.0.0\package.tgz not in flight; packing
9 verbose correctMkdir C:\Users\dcode\AppData\Roaming\npm-cache correctMkdir not in flight; initializing
10 info lifecycle webrcon@1.0.0~prepublish: webrcon@1.0.0
11 silly lifecycle webrcon@1.0.0~prepublish: no script for prepublish, continuing
12 verbose tar pack [ 'C:\\Users\\dcode\\AppData\\Roaming\\npm-cache\\webrcon\\1.0.0\\package.tgz',
12 verbose tar pack   'X:\\public\\WebRcon' ]
13 verbose tarball C:\Users\dcode\AppData\Roaming\npm-cache\webrcon\1.0.0\package.tgz
14 verbose folder X:\public\WebRcon
15 verbose addLocalTarball adding from inside cache C:\Users\dcode\AppData\Roaming\npm-cache\webrcon\1.0.0\package.tgz
16 verbose correctMkdir C:\Users\dcode\AppData\Roaming\npm-cache correctMkdir not in flight; initializing
17 silly cache afterAdd webrcon@1.0.0
18 verbose afterAdd C:\Users\dcode\AppData\Roaming\npm-cache\webrcon\1.0.0\package\package.json not in flight; writing
19 verbose correctMkdir C:\Users\dcode\AppData\Roaming\npm-cache correctMkdir not in flight; initializing
20 verbose afterAdd C:\Users\dcode\AppData\Roaming\npm-cache\webrcon\1.0.0\package\package.json written
21 silly publish { name: 'webrcon',
21 silly publish   description: 'RCON over WebSocket client library and command line interface.',
21 silly publish   author: { name: 'Daniel Wirtz', email: 'dcode@dcode.io' },
21 silly publish   version: '1.0.0',
21 silly publish   repository:
21 silly publish    { type: 'git',
21 silly publish      url: 'git+https://github.com/dcodeIO/WebRcon.git' },
21 silly publish   bugs: { url: 'https://github.com/dcodeIO/WebRcon/issues' },
21 silly publish   homepage: 'https://github.com/dcodeIO/WebRcon',
21 silly publish   keywords: [ 'webrcon', 'rcon', 'gameserver', 'websocket', 'rust' ],
21 silly publish   browser: { ws: false },
21 silly publish   license: 'Apache-2.0',
21 silly publish   main: 'webrcon.js',
21 silly publish   bin: { webrcon: './bin/webrcon' },
21 silly publish   dependencies: { chalk: '^1.1.1', ws: '^1.0.1', yargs: '^4.2.0' },
21 silly publish   readme: 'WebRcon\r\n============\r\nRCON over WebSocket client library and command line interface.\r\n\r\n* Supported games: [Rust](http://playrust.com)\r\n* Supported platforms: node.js and any modern browser (CommonJS, AMD, shim)\r\n\r\nUsage\r\n-----\r\n```js\r\nvar WebRcon = require(\'webrcon\') // node.js only\r\n\r\n// Create a new client:\r\nvar rcon = new WebRcon(\'127.0.0.1\', 28025)\r\n\r\n// Handle events:\r\nrcon.on(\'connect\', function() {\r\n    console.log(\'CONNECTED\')\r\n    \r\n    // Run a command once connected:\r\n    rcon.run(\'echo hello world!\', 0)\r\n})\r\nrcon.on(\'disconnect\', function() {\r\n    console.log(\'DISCONNECTED\')\r\n})\r\nrcon.on(\'message\', function(msg) {\r\n    console.log(\'MESSAGE:\', msg)\r\n})\r\nrcon.on(\'error\', function(err) {\r\n    console.log(\'ERROR:\', err)\r\n})\r\n\r\n// Connect by providing the server\'s rcon.password:\r\nrcon.connect(\'1234\')\r\n```\r\n\r\nBrowser usage\r\n-------------\r\n```html\r\n<script src="webrcon.js"></script>\r\n<script>\r\nvar WebRcon = dcodeIO.WebRcon;\r\n\r\n... actually the same as above ....\r\n</script>\r\n```\r\n\r\nAlso works as an AMD module.\r\n\r\nCommand line usage\r\n------------------\r\n`npm -g install webrcon`\r\n\r\n```\r\nUsage: webrcon <ip> [port] [password]\r\n\r\nExamples:\r\n  webrcon 127.0.0.1 27015 p4ssw0rd  Connects to the local machine\r\n```\r\n\r\n**License:** [Apache License, Version 2.0](http://www.apache.org/licenses/LICENSE-2.0.html)\r\n',
21 silly publish   readmeFilename: 'README.md',
21 silly publish   gitHead: '2ccb24d42a03ebfbb6bc032bccbd1c29f8422309',
21 silly publish   _id: 'webrcon@1.0.0',
21 silly publish   scripts: {},
21 silly publish   _shasum: 'aadcc6f15128ade8beecf95565e9c9a7ce8dbedd',
21 silly publish   _from: '.' }
22 verbose getPublishConfig undefined
23 silly mapToRegistry name webrcon
24 silly mapToRegistry using default registry
25 silly mapToRegistry registry https://registry.npmjs.org/
26 silly mapToRegistry uri https://registry.npmjs.org/webrcon
27 verbose publish registryBase https://registry.npmjs.org/
28 silly publish uploading C:\Users\dcode\AppData\Roaming\npm-cache\webrcon\1.0.0\package.tgz
29 verbose request uri https://registry.npmjs.org/webrcon
30 verbose request sending authorization for write operation
31 info attempt registry request try #1 at 23:50:42
32 verbose request using bearer token for auth
33 verbose request id e826685685ceb7c8
34 http request PUT https://registry.npmjs.org/webrcon
35 http 403 https://registry.npmjs.org/webrcon
36 verbose headers { 'content-type': 'application/json',
36 verbose headers   'cache-control': 'max-age=300',
36 verbose headers   'content-length': '99',
36 verbose headers   'accept-ranges': 'bytes',
36 verbose headers   date: 'Thu, 03 Mar 2016 22:50:34 GMT',
36 verbose headers   via: '1.1 varnish',
36 verbose headers   connection: 'keep-alive',
36 verbose headers   'x-served-by': 'cache-fra1223-FRA',
36 verbose headers   'x-cache': 'MISS',
36 verbose headers   'x-cache-hits': '0',
36 verbose headers   'x-timer': 'S1457045433.298343,VS0,VE731' }
37 verbose request invalidating C:\Users\dcode\AppData\Roaming\npm-cache\registry.npmjs.org\webrcon on PUT
38 error publish Failed PUT 403
39 verbose stack Error: You do not have permission to publish 'webrcon'. Are you logged in as the correct user? : webrcon
39 verbose stack     at makeError (C:\Program Files\nodejs\node_modules\npm\node_modules\npm-registry-client\lib\request.js:264:12)
39 verbose stack     at CachingRegistryClient.<anonymous> (C:\Program Files\nodejs\node_modules\npm\node_modules\npm-registry-client\lib\request.js:252:14)
39 verbose stack     at Request._callback (C:\Program Files\nodejs\node_modules\npm\node_modules\npm-registry-client\lib\request.js:172:14)
39 verbose stack     at Request.self.callback (C:\Program Files\nodejs\node_modules\npm\node_modules\request\request.js:198:22)
39 verbose stack     at emitTwo (events.js:100:13)
39 verbose stack     at Request.emit (events.js:185:7)
39 verbose stack     at Request.<anonymous> (C:\Program Files\nodejs\node_modules\npm\node_modules\request\request.js:1035:10)
39 verbose stack     at emitOne (events.js:95:20)
39 verbose stack     at Request.emit (events.js:182:7)
39 verbose stack     at IncomingMessage.<anonymous> (C:\Program Files\nodejs\node_modules\npm\node_modules\request\request.js:962:12)
40 verbose statusCode 403
41 verbose pkgid webrcon
42 verbose cwd X:\public\WebRcon
43 error Windows_NT 10.0.10586
44 error argv "C:\\Program Files\\nodejs\\node.exe" "C:\\Program Files\\nodejs\\node_modules\\npm\\bin\\npm-cli.js" "publish"
45 error node v5.6.0
46 error npm  v3.6.0
47 error code E403
48 error You do not have permission to publish 'webrcon'. Are you logged in as the correct user? : webrcon
49 error If you need help, you may report this error at:
49 error     <https://github.com/npm/npm/issues>
50 verbose exit [ 1, true ]
